i:\my documents\school\new sfwr 4gp6\visualstudio2013\c4\rush\debug\vc120.pdb
i:\my documents\school\new sfwr 4gp6\visualstudio2013\c4\rush\debug\vc120.idb
i:\my documents\school\new sfwr 4gp6\visualstudio2013\c4\rush\debug\groundproperty.obj
i:\my documents\school\new sfwr 4gp6\visualstudio2013\c4\rush\debug\mouseinterface.obj
i:\my documents\school\new sfwr 4gp6\visualstudio2013\c4\rush\debug\rushcameranavigation.obj
i:\my documents\school\new sfwr 4gp6\visualstudio2013\c4\rush\debug\rushcameras.obj
i:\my documents\school\new sfwr 4gp6\visualstudio2013\c4\rush\debug\rushcommandaction.obj
i:\my documents\school\new sfwr 4gp6\visualstudio2013\c4\rush\debug\rushgame.obj
i:\my documents\school\new sfwr 4gp6\visualstudio2013\c4\rush\debug\rushload.obj
i:\my documents\school\new sfwr 4gp6\visualstudio2013\c4\rush\debug\rushpiecebase.obj
i:\my documents\school\new sfwr 4gp6\visualstudio2013\c4\rush\debug\rushtestworld.obj
i:\my documents\school\new sfwr 4gp6\rush.ilk
i:\my documents\school\new sfwr 4gp6\rush.dll
i:\my documents\school\new sfwr 4gp6\rush.pdb
i:\my documents\school\new sfwr 4gp6\rush.lib
i:\my documents\school\new sfwr 4gp6\rush.exp
i:\my documents\school\new sfwr 4gp6\visualstudio2013\c4\rush\..\..\..\rush.dll
i:\my documents\school\new sfwr 4gp6\visualstudio2013\c4\rush\debug\rush.tlog\cl.command.1.tlog
i:\my documents\school\new sfwr 4gp6\visualstudio2013\c4\rush\debug\rush.tlog\cl.read.1.tlog
i:\my documents\school\new sfwr 4gp6\visualstudio2013\c4\rush\debug\rush.tlog\cl.write.1.tlog
i:\my documents\school\new sfwr 4gp6\visualstudio2013\c4\rush\debug\rush.tlog\link.command.1.tlog
i:\my documents\school\new sfwr 4gp6\visualstudio2013\c4\rush\debug\rush.tlog\link.read.1.tlog
i:\my documents\school\new sfwr 4gp6\visualstudio2013\c4\rush\debug\rush.tlog\link.write.1.tlog
i:\my documents\school\new sfwr 4gp6\visualstudio2013\c4\rush\debug\rush.tlog\rush.write.1u.tlog
